sounds.h:95:23: runtime error: left shift of 3 by 31 places cannot be represented in type 'int'
main_test.c:97:40: runtime error: index -6 out of bounds for type 'char [9]'
=================================================================
==622328==ERROR: AddressSanitizer: global-buffer-overflow on address 0x5ff29482885a at pc 0x5ff29481c985 bp 0x7ffd873c3990 sp 0x7ffd873c3980
READ of size 1 at 0x5ff29482885a thread T0
    #0 0x5ff29481c984 in printScreen() /home/lgms/code/research/anarch/main_test.c:97
    #1 0x5ff2947d7636 in main /home/lgms/code/research/anarch/main_test.c:291
    #2 0x7128c022a600  (/usr/lib/x86_64-linux-gnu/libc.so.6+0x2a600) (BuildId: 90ebd03ae9d9f42b23b4eb82fdf70352cf744198)
    #3 0x7128c022a717 in __libc_start_main (/usr/lib/x86_64-linux-gnu/libc.so.6+0x2a717) (BuildId: 90ebd03ae9d9f42b23b4eb82fdf70352cf744198)
    #4 0x5ff2947d7874 in _start (/home/lgms/code/research/anarch/revolte_test+0x44874) (BuildId: 280291fa5a0ca54cf936bdb1a7af682017e0f932)

0x5ff29482885a is located 6 bytes before global variable 'colors' defined in 'main_test.c:87:12' (0x5ff294828860) of size 9
  'colors' is ascii string ' .,-;imX'
0x5ff29482885a is located 42 bytes after global variable 'expectedSamples' defined in 'main_test.c:122:26' (0x5ff294828820) of size 16
SUMMARY: AddressSanitizer: global-buffer-overflow /home/lgms/code/research/anarch/main_test.c:97 in printScreen()
Shadow bytes around the buggy address:
  0x5ff294828580: 00 05 f9 f9 f9 f9 f9 f9 07 f9 f9 f9 f9 f9 f9 f9
  0x5ff294828600: 00 01 f9 f9 f9 f9 f9 f9 00 01 f9 f9 f9 f9 f9 f9
  0x5ff294828680: 03 f9 f9 f9 f9 f9 f9 f9 07 f9 f9 f9 f9 f9 f9 f9
  0x5ff294828700: 00 03 f9 f9 f9 f9 f9 f9 04 f9 f9 f9 f9 f9 f9 f9
  0x5ff294828780: 00 00 f9 f9 f9 f9 f9 f9 00 00 00 00 00 03 f9 f9
=>0x5ff294828800: f9 f9 f9 f9 00 00 f9 f9 f9 f9 f9[f9]00 01 f9 f9
  0x5ff294828880: f9 f9 f9 f9 00 01 f9 f9 f9 f9 f9 f9 00 f9 f9 f9
  0x5ff294828900: f9 f9 f9 f9 00 00 00 00 00 00 00 00 00 f9 f9 f9
  0x5ff294828980: f9 f9 f9 f9 05 f9 f9 f9 f9 f9 f9 f9 04 f9 f9 f9
  0x5ff294828a00: f9 f9 f9 f9 06 f9 f9 f9 f9 f9 f9 f9 00 01 f9 f9
  0x5ff294828a80: f9 f9 f9 f9 04 f9 f9 f9 f9 f9 f9 f9 05 f9 f9 f9
Shadow byte legend (one shadow byte represents 8 application bytes):
  Addressable:           00
  Partially addressable: 01 02 03 04 05 06 07 
  Heap left redzone:       fa
  Freed heap region:       fd
  Stack left redzone:      f1
  Stack mid redzone:       f2
  Stack right redzone:     f3
  Stack after return:      f5
  Stack use after scope:   f8
  Global redzone:          f9
  Global init order:       f6
  Poisoned by user:        f7
  Container overflow:      fc
  Array cookie:            ac
  Intra object redzone:    bb
  ASan internal:           fe
  Left alloca redzone:     ca
  Right alloca redzone:    cb
==622328==ABORTING
